# JRE version: OpenJDK Runtime Environment (8.0_242-b01) (build 1.8.0_242-release-1644-b01)
# Java VM: OpenJDK 64-Bit Server VM (25.242-b01 mixed mode windows-amd64 compressed oops)
Heap:
 PSYoungGen      total 41984K, used 30753K [0x00000000e6f00000, 0x00000000ea480000, 0x0000000100000000)
  eden space 31744K, 96% used [0x00000000e6f00000,0x00000000e8d08788,0x00000000e8e00000)
  from space 10240K, 0% used [0x00000000e9900000,0x00000000e9900000,0x00000000ea300000)
  to   space 11264K, 0% used [0x00000000e8e00000,0x00000000e8e00000,0x00000000e9900000)
 ParOldGen       total 46080K, used 9277K [0x00000000b4c00000, 0x00000000b7900000, 0x00000000e6f00000)
  object space 46080K, 20% used [0x00000000b4c00000,0x00000000b550f460,0x00000000b7900000)
 Metaspace       used 25437K, capacity 25856K, committed 26112K, reserved 1071104K
  class space    used 3403K, capacity 3575K, committed 3584K, reserved 1048576K
GC Heap History (10 events):
Event: 23.844 GC heap before
{Heap before GC invocations=3 (full 0):
 PSYoungGen      total 38400K, used 36429K [0x00000000e6f00000, 0x00000000e9980000, 0x0000000100000000)
  eden space 33280K, 100% used [0x00000000e6f00000,0x00000000e8f80000,0x00000000e8f80000)
  from space 5120K, 61% used [0x00000000e9480000,0x00000000e97936f0,0x00000000e9980000)
  to   space 5120K, 0% used [0x00000000e8f80000,0x00000000e8f80000,0x00000000e9480000)
 ParOldGen       total 87552K, used 16K [0x00000000b4c00000, 0x00000000ba180000, 0x00000000e6f00000)
  object space 87552K, 0% used [0x00000000b4c00000,0x00000000b4c04000,0x00000000ba180000)
 Metaspace       used 12017K, capacity 12370K, committed 12544K, reserved 1060864K
  class space    used 1619K, capacity 1741K, committed 1792K, reserved 1048576K
Event: 23.859 GC heap after
Heap after GC invocations=3 (full 0):
 PSYoungGen      total 38400K, used 5104K [0x00000000e6f00000, 0x00000000e9980000, 0x0000000100000000)
  eden space 33280K, 0% used [0x00000000e6f00000,0x00000000e6f00000,0x00000000e8f80000)
  from space 5120K, 99% used [0x00000000e8f80000,0x00000000e947c010,0x00000000e9480000)
  to   space 5120K, 0% used [0x00000000e9480000,0x00000000e9480000,0x00000000e9980000)
 ParOldGen       total 87552K, used 1284K [0x00000000b4c00000, 0x00000000ba180000, 0x00000000e6f00000)
  object space 87552K, 1% used [0x00000000b4c00000,0x00000000b4d410d8,0x00000000ba180000)
 Metaspace       used 12017K, capacity 12370K, committed 12544K, reserved 1060864K
  class space    used 1619K, capacity 1741K, committed 1792K, reserved 1048576K
}
Event: 26.323 GC heap before
{Heap before GC invocations=4 (full 0):
 PSYoungGen      total 38400K, used 38384K [0x00000000e6f00000, 0x00000000e9980000, 0x0000000100000000)
  eden space 33280K, 100% used [0x00000000e6f00000,0x00000000e8f80000,0x00000000e8f80000)
  from space 5120K, 99% used [0x00000000e8f80000,0x00000000e947c010,0x00000000e9480000)
  to   space 5120K, 0% used [0x00000000e9480000,0x00000000e9480000,0x00000000e9980000)
 ParOldGen       total 87552K, used 1284K [0x00000000b4c00000, 0x00000000ba180000, 0x00000000e6f00000)
  object space 87552K, 1% used [0x00000000b4c00000,0x00000000b4d410d8,0x00000000ba180000)
 Metaspace       used 14340K, capacity 14622K, committed 14976K, reserved 1062912K
  class space    used 2006K, capacity 2131K, committed 2176K, reserved 1048576K
Event: 26.341 GC heap after
Heap after GC invocations=4 (full 0):
 PSYoungGen      total 38400K, used 5104K [0x00000000e6f00000, 0x00000000e9980000, 0x0000000100000000)
  eden space 33280K, 0% used [0x00000000e6f00000,0x00000000e6f00000,0x00000000e8f80000)
  from space 5120K, 99% used [0x00000000e9480000,0x00000000e997c010,0x00000000e9980000)
  to   space 5120K, 0% used [0x00000000e8f80000,0x00000000e8f80000,0x00000000e9480000)
 ParOldGen       total 87552K, used 3444K [0x00000000b4c00000, 0x00000000ba180000, 0x00000000e6f00000)
  object space 87552K, 3% used [0x00000000b4c00000,0x00000000b4f5d3e0,0x00000000ba180000)
 Metaspace       used 14340K, capacity 14622K, committed 14976K, reserved 1062912K
  class space    used 2006K, capacity 2131K, committed 2176K, reserved 1048576K
}
Event: 30.360 GC heap before
{Heap before GC invocations=5 (full 0):
 PSYoungGen      total 38400K, used 38384K [0x00000000e6f00000, 0x00000000e9980000, 0x0000000100000000)
  eden space 33280K, 100% used [0x00000000e6f00000,0x00000000e8f80000,0x00000000e8f80000)
  from space 5120K, 99% used [0x00000000e9480000,0x00000000e997c010,0x00000000e9980000)
  to   space 5120K, 0% used [0x00000000e8f80000,0x00000000e8f80000,0x00000000e9480000)
 ParOldGen       total 87552K, used 3444K [0x00000000b4c00000, 0x00000000ba180000, 0x00000000e6f00000)
  object space 87552K, 3% used [0x00000000b4c00000,0x00000000b4f5d3e0,0x00000000ba180000)
 Metaspace       used 17426K, capacity 17768K, committed 18048K, reserved 1064960K
  class space    used 2496K, capacity 2630K, committed 2688K, reserved 1048576K
Event: 30.375 GC heap after
Heap after GC invocations=5 (full 0):
 PSYoungGen      total 37888K, used 5088K [0x00000000e6f00000, 0x00000000ea300000, 0x0000000100000000)
  eden space 32768K, 0% used [0x00000000e6f00000,0x00000000e6f00000,0x00000000e8f00000)
  from space 5120K, 99% used [0x00000000e8f80000,0x00000000e9478020,0x00000000e9480000)
  to   space 10240K, 0% used [0x00000000e9900000,0x00000000e9900000,0x00000000ea300000)
 ParOldGen       total 87552K, used 6880K [0x00000000b4c00000, 0x00000000ba180000, 0x00000000e6f00000)
  object space 87552K, 7% used [0x00000000b4c00000,0x00000000b52b81c8,0x00000000ba180000)
 Metaspace       used 17426K, capacity 17768K, committed 18048K, reserved 1064960K
  class space    used 2496K, capacity 2630K, committed 2688K, reserved 1048576K
}
Event: 32.339 GC heap before
{Heap before GC invocations=6 (full 0):
 PSYoungGen      total 37888K, used 30311K [0x00000000e6f00000, 0x00000000ea300000, 0x0000000100000000)
  eden space 32768K, 76% used [0x00000000e6f00000,0x00000000e87a1d58,0x00000000e8f00000)
  from space 5120K, 99% used [0x00000000e8f80000,0x00000000e9478020,0x00000000e9480000)
  to   space 10240K, 0% used [0x00000000e9900000,0x00000000e9900000,0x00000000ea300000)
 ParOldGen       total 87552K, used 6880K [0x00000000b4c00000, 0x00000000ba180000, 0x00000000e6f00000)
  object space 87552K, 7% used [0x00000000b4c00000,0x00000000b52b81c8,0x00000000ba180000)
 Metaspace       used 20680K, capacity 21014K, committed 21248K, reserved 1067008K
  class space    used 2917K, capacity 3049K, committed 3072K, reserved 1048576K
Event: 32.356 GC heap after
Heap after GC invocations=6 (full 0):
 PSYoungGen      total 41984K, used 8774K [0x00000000e6f00000, 0x00000000ea480000, 0x0000000100000000)
  eden space 31744K, 0% used [0x00000000e6f00000,0x00000000e6f00000,0x00000000e8e00000)
  from space 10240K, 85% used [0x00000000e9900000,0x00000000ea191bf0,0x00000000ea300000)
  to   space 11264K, 0% used [0x00000000e8e00000,0x00000000e8e00000,0x00000000e9900000)
 ParOldGen       total 87552K, used 6888K [0x00000000b4c00000, 0x00000000ba180000, 0x00000000e6f00000)
  object space 87552K, 7% used [0x00000000b4c00000,0x00000000b52ba1c8,0x00000000ba180000)
 Metaspace       used 20680K, capacity 21014K, committed 21248K, reserved 1067008K
  class space    used 2917K, capacity 3049K, committed 3072K, reserved 1048576K
}
Event: 32.356 GC heap before
{Heap before GC invocations=7 (full 1):
 PSYoungGen      total 41984K, used 8774K [0x00000000e6f00000, 0x00000000ea480000, 0x0000000100000000)
  eden space 31744K, 0% used [0x00000000e6f00000,0x00000000e6f00000,0x00000000e8e00000)
  from space 10240K, 85% used [0x00000000e9900000,0x00000000ea191bf0,0x00000000ea300000)
  to   space 11264K, 0% used [0x00000000e8e00000,0x00000000e8e00000,0x00000000e9900000)
 ParOldGen       total 87552K, used 6888K [0x00000000b4c00000, 0x00000000ba180000, 0x00000000e6f00000)
  object space 87552K, 7% used [0x00000000b4c00000,0x00000000b52ba1c8,0x00000000ba180000)
 Metaspace       used 20680K, capacity 21014K, committed 21248K, reserved 1067008K
  class space    used 2917K, capacity 3049K, committed 3072K, reserved 1048576K
Event: 32.485 GC heap after
Heap after GC invocations=7 (full 1):
 PSYoungGen      total 41984K, used 0K [0x00000000e6f00000, 0x00000000ea480000, 0x0000000100000000)
  eden space 31744K, 0% used [0x00000000e6f00000,0x00000000e6f00000,0x00000000e8e00000)
  from space 10240K, 0% used [0x00000000e9900000,0x00000000e9900000,0x00000000ea300000)
  to   space 11264K, 0% used [0x00000000e8e00000,0x00000000e8e00000,0x00000000e9900000)
 ParOldGen       total 46080K, used 9277K [0x00000000b4c00000, 0x00000000b7900000, 0x00000000e6f00000)
  object space 46080K, 20% used [0x00000000b4c00000,0x00000000b550f460,0x00000000b7900000)
 Metaspace       used 20680K, capacity 21014K, committed 21248K, reserved 1067008K
  class space    used 2917K, capacity 3049K, committed 3072K, reserved 1048576K
}

