# JRE version: OpenJDK Runtime Environment (8.0_242-b01) (build 1.8.0_242-release-1644-b01)
# Java VM: OpenJDK 64-Bit Server VM (25.242-b01 mixed mode windows-amd64 compressed oops)
Heap:
 PSYoungGen      total 266240K, used 116847K [0x00000000e0000000, 0x00000000f5880000, 0x0000000100000000)
  eden space 219136K, 31% used [0x00000000e0000000,0x00000000e4423c38,0x00000000ed600000)
  from space 47104K, 99% used [0x00000000ed600000,0x00000000f03f81e0,0x00000000f0400000)
  to   space 56320K, 0% used [0x00000000f2180000,0x00000000f2180000,0x00000000f5880000)
 ParOldGen       total 223744K, used 82604K [0x00000000a0000000, 0x00000000ada80000, 0x00000000e0000000)
  object space 223744K, 36% used [0x00000000a0000000,0x00000000a50ab1e8,0x00000000ada80000)
 Metaspace       used 120037K, capacity 124378K, committed 124456K, reserved 1157120K
  class space    used 15213K, capacity 16116K, committed 16176K, reserved 1048576K
GC Heap History (10 events):
Event: 145.197 GC heap before
{Heap before GC invocations=25 (full 4):
 PSYoungGen      total 218112K, used 213359K [0x00000000e0000000, 0x00000000f0100000, 0x0000000100000000)
  eden space 185856K, 100% used [0x00000000e0000000,0x00000000eb580000,0x00000000eb580000)
  from space 32256K, 85% used [0x00000000ed880000,0x00000000ef35bc10,0x00000000ef800000)
  to   space 35840K, 0% used [0x00000000eb580000,0x00000000eb580000,0x00000000ed880000)
 ParOldGen       total 223744K, used 77183K [0x00000000a0000000, 0x00000000ada80000, 0x00000000e0000000)
  object space 223744K, 34% used [0x00000000a0000000,0x00000000a4b5ff30,0x00000000ada80000)
 Metaspace       used 117135K, capacity 120950K, committed 121256K, reserved 1155072K
  class space    used 15122K, capacity 15958K, committed 16048K, reserved 1048576K
Event: 145.259 GC heap after
Heap after GC invocations=25 (full 4):
 PSYoungGen      total 221696K, used 26351K [0x00000000e0000000, 0x00000000f1880000, 0x0000000100000000)
  eden space 185856K, 0% used [0x00000000e0000000,0x00000000e0000000,0x00000000eb580000)
  from space 35840K, 73% used [0x00000000eb580000,0x00000000ecf3bef0,0x00000000ed880000)
  to   space 38400K, 0% used [0x00000000ef300000,0x00000000ef300000,0x00000000f1880000)
 ParOldGen       total 223744K, used 77191K [0x00000000a0000000, 0x00000000ada80000, 0x00000000e0000000)
  object space 223744K, 34% used [0x00000000a0000000,0x00000000a4b61f30,0x00000000ada80000)
 Metaspace       used 117135K, capacity 120950K, committed 121256K, reserved 1155072K
  class space    used 15122K, capacity 15958K, committed 16048K, reserved 1048576K
}
Event: 218.805 GC heap before
{Heap before GC invocations=26 (full 4):
 PSYoungGen      total 221696K, used 212207K [0x00000000e0000000, 0x00000000f1880000, 0x0000000100000000)
  eden space 185856K, 100% used [0x00000000e0000000,0x00000000eb580000,0x00000000eb580000)
  from space 35840K, 73% used [0x00000000eb580000,0x00000000ecf3bef0,0x00000000ed880000)
  to   space 38400K, 0% used [0x00000000ef300000,0x00000000ef300000,0x00000000f1880000)
 ParOldGen       total 223744K, used 77191K [0x00000000a0000000, 0x00000000ada80000, 0x00000000e0000000)
  object space 223744K, 34% used [0x00000000a0000000,0x00000000a4b61f30,0x00000000ada80000)
 Metaspace       used 118096K, capacity 122014K, committed 122280K, reserved 1155072K
  class space    used 15137K, capacity 15982K, committed 16048K, reserved 1048576K
Event: 218.870 GC heap after
Heap after GC invocations=26 (full 4):
 PSYoungGen      total 241664K, used 23216K [0x00000000e0000000, 0x00000000f1580000, 0x0000000100000000)
  eden space 206336K, 0% used [0x00000000e0000000,0x00000000e0000000,0x00000000ec980000)
  from space 35328K, 65% used [0x00000000ef300000,0x00000000f09ac318,0x00000000f1580000)
  to   space 38912K, 0% used [0x00000000ec980000,0x00000000ec980000,0x00000000eef80000)
 ParOldGen       total 223744K, used 77199K [0x00000000a0000000, 0x00000000ada80000, 0x00000000e0000000)
  object space 223744K, 34% used [0x00000000a0000000,0x00000000a4b63f30,0x00000000ada80000)
 Metaspace       used 118096K, capacity 122014K, committed 122280K, reserved 1155072K
  class space    used 15137K, capacity 15982K, committed 16048K, reserved 1048576K
}
Event: 592.136 GC heap before
{Heap before GC invocations=27 (full 4):
 PSYoungGen      total 241664K, used 229472K [0x00000000e0000000, 0x00000000f1580000, 0x0000000100000000)
  eden space 206336K, 99% used [0x00000000e0000000,0x00000000ec96be00,0x00000000ec980000)
  from space 35328K, 65% used [0x00000000ef300000,0x00000000f09ac318,0x00000000f1580000)
  to   space 38912K, 0% used [0x00000000ec980000,0x00000000ec980000,0x00000000eef80000)
 ParOldGen       total 223744K, used 77199K [0x00000000a0000000, 0x00000000ada80000, 0x00000000e0000000)
  object space 223744K, 34% used [0x00000000a0000000,0x00000000a4b63f30,0x00000000ada80000)
 Metaspace       used 118795K, capacity 122626K, committed 122792K, reserved 1157120K
  class space    used 15147K, capacity 15998K, committed 16048K, reserved 1048576K
Event: 592.189 GC heap after
Heap after GC invocations=27 (full 4):
 PSYoungGen      total 245248K, used 29851K [0x00000000e0000000, 0x00000000f2c80000, 0x0000000100000000)
  eden space 206336K, 0% used [0x00000000e0000000,0x00000000e0000000,0x00000000ec980000)
  from space 38912K, 76% used [0x00000000ec980000,0x00000000ee6a6e28,0x00000000eef80000)
  to   space 41472K, 0% used [0x00000000f0400000,0x00000000f0400000,0x00000000f2c80000)
 ParOldGen       total 223744K, used 77207K [0x00000000a0000000, 0x00000000ada80000, 0x00000000e0000000)
  object space 223744K, 34% used [0x00000000a0000000,0x00000000a4b65f30,0x00000000ada80000)
 Metaspace       used 118795K, capacity 122626K, committed 122792K, reserved 1157120K
  class space    used 15147K, capacity 15998K, committed 16048K, reserved 1048576K
}
Event: 595.248 GC heap before
{Heap before GC invocations=28 (full 4):
 PSYoungGen      total 245248K, used 236187K [0x00000000e0000000, 0x00000000f2c80000, 0x0000000100000000)
  eden space 206336K, 100% used [0x00000000e0000000,0x00000000ec980000,0x00000000ec980000)
  from space 38912K, 76% used [0x00000000ec980000,0x00000000ee6a6e28,0x00000000eef80000)
  to   space 41472K, 0% used [0x00000000f0400000,0x00000000f0400000,0x00000000f2c80000)
 ParOldGen       total 223744K, used 77207K [0x00000000a0000000, 0x00000000ada80000, 0x00000000e0000000)
  object space 223744K, 34% used [0x00000000a0000000,0x00000000a4b65f30,0x00000000ada80000)
 Metaspace       used 119310K, capacity 123286K, committed 123304K, reserved 1157120K
  class space    used 15167K, capacity 16032K, committed 16048K, reserved 1048576K
Event: 595.333 GC heap after
Heap after GC invocations=28 (full 4):
 PSYoungGen      total 260608K, used 38449K [0x00000000e0000000, 0x00000000f4400000, 0x0000000100000000)
  eden space 219136K, 0% used [0x00000000e0000000,0x00000000e0000000,0x00000000ed600000)
  from space 41472K, 92% used [0x00000000f0400000,0x00000000f298c5a0,0x00000000f2c80000)
  to   space 47104K, 0% used [0x00000000ed600000,0x00000000ed600000,0x00000000f0400000)
 ParOldGen       total 223744K, used 77215K [0x00000000a0000000, 0x00000000ada80000, 0x00000000e0000000)
  object space 223744K, 34% used [0x00000000a0000000,0x00000000a4b67f30,0x00000000ada80000)
 Metaspace       used 119310K, capacity 123286K, committed 123304K, reserved 1157120K
  class space    used 15167K, capacity 16032K, committed 16048K, reserved 1048576K
}
Event: 689.999 GC heap before
{Heap before GC invocations=29 (full 4):
 PSYoungGen      total 260608K, used 257585K [0x00000000e0000000, 0x00000000f4400000, 0x0000000100000000)
  eden space 219136K, 100% used [0x00000000e0000000,0x00000000ed600000,0x00000000ed600000)
  from space 41472K, 92% used [0x00000000f0400000,0x00000000f298c5a0,0x00000000f2c80000)
  to   space 47104K, 0% used [0x00000000ed600000,0x00000000ed600000,0x00000000f0400000)
 ParOldGen       total 223744K, used 77215K [0x00000000a0000000, 0x00000000ada80000, 0x00000000e0000000)
  object space 223744K, 34% used [0x00000000a0000000,0x00000000a4b67f30,0x00000000ada80000)
 Metaspace       used 119694K, capacity 123672K, committed 123816K, reserved 1157120K
  class space    used 15173K, capacity 16043K, committed 16048K, reserved 1048576K
Event: 690.082 GC heap after
Heap after GC invocations=29 (full 4):
 PSYoungGen      total 266240K, used 47072K [0x00000000e0000000, 0x00000000f5880000, 0x0000000100000000)
  eden space 219136K, 0% used [0x00000000e0000000,0x00000000e0000000,0x00000000ed600000)
  from space 47104K, 99% used [0x00000000ed600000,0x00000000f03f81e0,0x00000000f0400000)
  to   space 56320K, 0% used [0x00000000f2180000,0x00000000f2180000,0x00000000f5880000)
 ParOldGen       total 223744K, used 82604K [0x00000000a0000000, 0x00000000ada80000, 0x00000000e0000000)
  object space 223744K, 36% used [0x00000000a0000000,0x00000000a50ab1e8,0x00000000ada80000)
 Metaspace       used 119694K, capacity 123672K, committed 123816K, reserved 1157120K
  class space    used 15173K, capacity 16043K, committed 16048K, reserved 1048576K
}

