# JRE version: OpenJDK Runtime Environment (8.0_242-b01) (build 1.8.0_242-release-1644-b01)
# Java VM: OpenJDK 64-Bit Server VM (25.242-b01 mixed mode windows-amd64 compressed oops)
Heap:
 PSYoungGen      total 157696K, used 103679K [0x00000000e0000000, 0x00000000eca80000, 0x0000000100000000)
  eden space 143872K, 63% used [0x00000000e0000000,0x00000000e599b1c8,0x00000000e8c80000)
  from space 13824K, 86% used [0x00000000e8c80000,0x00000000e9824df8,0x00000000e9a00000)
  to   space 14848K, 0% used [0x00000000ebc00000,0x00000000ebc00000,0x00000000eca80000)
 ParOldGen       total 133632K, used 35792K [0x00000000a0000000, 0x00000000a8280000, 0x00000000e0000000)
  object space 133632K, 26% used [0x00000000a0000000,0x00000000a22f4000,0x00000000a8280000)
 Metaspace       used 67012K, capacity 69678K, committed 69928K, reserved 1110016K
  class space    used 8915K, capacity 9501K, committed 9520K, reserved 1048576K
GC Heap History (10 events):
Event: 21.812 GC heap before
{Heap before GC invocations=16 (full 2):
 PSYoungGen      total 100864K, used 99045K [0x00000000e0000000, 0x00000000e8400000, 0x0000000100000000)
  eden space 89600K, 100% used [0x00000000e0000000,0x00000000e5780000,0x00000000e5780000)
  from space 11264K, 83% used [0x00000000e5780000,0x00000000e60b95f0,0x00000000e6280000)
  to   space 11776K, 0% used [0x00000000e7880000,0x00000000e7880000,0x00000000e8400000)
 ParOldGen       total 93696K, used 19864K [0x00000000a0000000, 0x00000000a5b80000, 0x00000000e0000000)
  object space 93696K, 21% used [0x00000000a0000000,0x00000000a13661a0,0x00000000a5b80000)
 Metaspace       used 52295K, capacity 53762K, committed 53928K, reserved 1095680K
  class space    used 7117K, capacity 7520K, committed 7600K, reserved 1048576K
Event: 21.835 GC heap after
Heap after GC invocations=16 (full 2):
 PSYoungGen      total 122880K, used 9166K [0x00000000e0000000, 0x00000000e8980000, 0x0000000100000000)
  eden space 111104K, 0% used [0x00000000e0000000,0x00000000e0000000,0x00000000e6c80000)
  from space 11776K, 77% used [0x00000000e7880000,0x00000000e8173980,0x00000000e8400000)
  to   space 12288K, 0% used [0x00000000e6c80000,0x00000000e6c80000,0x00000000e7880000)
 ParOldGen       total 93696K, used 25470K [0x00000000a0000000, 0x00000000a5b80000, 0x00000000e0000000)
  object space 93696K, 27% used [0x00000000a0000000,0x00000000a18df8d0,0x00000000a5b80000)
 Metaspace       used 52295K, capacity 53762K, committed 53928K, reserved 1095680K
  class space    used 7117K, capacity 7520K, committed 7600K, reserved 1048576K
}
Event: 24.284 GC heap before
{Heap before GC invocations=17 (full 2):
 PSYoungGen      total 122880K, used 120270K [0x00000000e0000000, 0x00000000e8980000, 0x0000000100000000)
  eden space 111104K, 100% used [0x00000000e0000000,0x00000000e6c80000,0x00000000e6c80000)
  from space 11776K, 77% used [0x00000000e7880000,0x00000000e8173980,0x00000000e8400000)
  to   space 12288K, 0% used [0x00000000e6c80000,0x00000000e6c80000,0x00000000e7880000)
 ParOldGen       total 93696K, used 25470K [0x00000000a0000000, 0x00000000a5b80000, 0x00000000e0000000)
  object space 93696K, 27% used [0x00000000a0000000,0x00000000a18df8d0,0x00000000a5b80000)
 Metaspace       used 56969K, capacity 58834K, committed 59048K, reserved 1099776K
  class space    used 7756K, capacity 8277K, committed 8368K, reserved 1048576K
Event: 24.317 GC heap after
Heap after GC invocations=17 (full 2):
 PSYoungGen      total 123392K, used 10675K [0x00000000e0000000, 0x00000000ea700000, 0x0000000100000000)
  eden space 111104K, 0% used [0x00000000e0000000,0x00000000e0000000,0x00000000e6c80000)
  from space 12288K, 86% used [0x00000000e6c80000,0x00000000e76ecf40,0x00000000e7880000)
  to   space 13312K, 0% used [0x00000000e9a00000,0x00000000e9a00000,0x00000000ea700000)
 ParOldGen       total 93696K, used 29736K [0x00000000a0000000, 0x00000000a5b80000, 0x00000000e0000000)
  object space 93696K, 31% used [0x00000000a0000000,0x00000000a1d0a0f0,0x00000000a5b80000)
 Metaspace       used 56969K, capacity 58834K, committed 59048K, reserved 1099776K
  class space    used 7756K, capacity 8277K, committed 8368K, reserved 1048576K
}
Event: 24.435 GC heap before
{Heap before GC invocations=18 (full 2):
 PSYoungGen      total 123392K, used 17854K [0x00000000e0000000, 0x00000000ea700000, 0x0000000100000000)
  eden space 111104K, 6% used [0x00000000e0000000,0x00000000e0702af0,0x00000000e6c80000)
  from space 12288K, 86% used [0x00000000e6c80000,0x00000000e76ecf40,0x00000000e7880000)
  to   space 13312K, 0% used [0x00000000e9a00000,0x00000000e9a00000,0x00000000ea700000)
 ParOldGen       total 93696K, used 29736K [0x00000000a0000000, 0x00000000a5b80000, 0x00000000e0000000)
  object space 93696K, 31% used [0x00000000a0000000,0x00000000a1d0a0f0,0x00000000a5b80000)
 Metaspace       used 57187K, capacity 59140K, committed 59160K, reserved 1099776K
  class space    used 7804K, capacity 8352K, committed 8368K, reserved 1048576K
Event: 24.457 GC heap after
Heap after GC invocations=18 (full 2):
 PSYoungGen      total 157184K, used 512K [0x00000000e0000000, 0x00000000ebc00000, 0x0000000100000000)
  eden space 143872K, 0% used [0x00000000e0000000,0x00000000e0000000,0x00000000e8c80000)
  from space 13312K, 3% used [0x00000000e9a00000,0x00000000e9a80000,0x00000000ea700000)
  to   space 13824K, 0% used [0x00000000e8c80000,0x00000000e8c80000,0x00000000e9a00000)
 ParOldGen       total 93696K, used 37626K [0x00000000a0000000, 0x00000000a5b80000, 0x00000000e0000000)
  object space 93696K, 40% used [0x00000000a0000000,0x00000000a24be918,0x00000000a5b80000)
 Metaspace       used 57187K, capacity 59140K, committed 59160K, reserved 1099776K
  class space    used 7804K, capacity 8352K, committed 8368K, reserved 1048576K
}
Event: 24.457 GC heap before
{Heap before GC invocations=19 (full 3):
 PSYoungGen      total 157184K, used 512K [0x00000000e0000000, 0x00000000ebc00000, 0x0000000100000000)
  eden space 143872K, 0% used [0x00000000e0000000,0x00000000e0000000,0x00000000e8c80000)
  from space 13312K, 3% used [0x00000000e9a00000,0x00000000e9a80000,0x00000000ea700000)
  to   space 13824K, 0% used [0x00000000e8c80000,0x00000000e8c80000,0x00000000e9a00000)
 ParOldGen       total 93696K, used 37626K [0x00000000a0000000, 0x00000000a5b80000, 0x00000000e0000000)
  object space 93696K, 40% used [0x00000000a0000000,0x00000000a24be918,0x00000000a5b80000)
 Metaspace       used 57187K, capacity 59140K, committed 59160K, reserved 1099776K
  class space    used 7804K, capacity 8352K, committed 8368K, reserved 1048576K
Event: 25.006 GC heap after
Heap after GC invocations=19 (full 3):
 PSYoungGen      total 157184K, used 0K [0x00000000e0000000, 0x00000000ebc00000, 0x0000000100000000)
  eden space 143872K, 0% used [0x00000000e0000000,0x00000000e0000000,0x00000000e8c80000)
  from space 13312K, 0% used [0x00000000e9a00000,0x00000000e9a00000,0x00000000ea700000)
  to   space 13824K, 0% used [0x00000000e8c80000,0x00000000e8c80000,0x00000000e9a00000)
 ParOldGen       total 133632K, used 35784K [0x00000000a0000000, 0x00000000a8280000, 0x00000000e0000000)
  object space 133632K, 26% used [0x00000000a0000000,0x00000000a22f2000,0x00000000a8280000)
 Metaspace       used 57143K, capacity 59018K, committed 59160K, reserved 1099776K
  class space    used 7790K, capacity 8327K, committed 8368K, reserved 1048576K
}
Event: 49.202 GC heap before
{Heap before GC invocations=20 (full 3):
 PSYoungGen      total 157184K, used 143872K [0x00000000e0000000, 0x00000000ebc00000, 0x0000000100000000)
  eden space 143872K, 100% used [0x00000000e0000000,0x00000000e8c80000,0x00000000e8c80000)
  from space 13312K, 0% used [0x00000000e9a00000,0x00000000e9a00000,0x00000000ea700000)
  to   space 13824K, 0% used [0x00000000e8c80000,0x00000000e8c80000,0x00000000e9a00000)
 ParOldGen       total 133632K, used 35784K [0x00000000a0000000, 0x00000000a8280000, 0x00000000e0000000)
  object space 133632K, 26% used [0x00000000a0000000,0x00000000a22f2000,0x00000000a8280000)
 Metaspace       used 64559K, capacity 67174K, committed 67240K, reserved 1107968K
  class space    used 8779K, capacity 9373K, committed 9392K, reserved 1048576K
Event: 49.226 GC heap after
Heap after GC invocations=20 (full 3):
 PSYoungGen      total 157696K, used 11923K [0x00000000e0000000, 0x00000000eca80000, 0x0000000100000000)
  eden space 143872K, 0% used [0x00000000e0000000,0x00000000e0000000,0x00000000e8c80000)
  from space 13824K, 86% used [0x00000000e8c80000,0x00000000e9824df8,0x00000000e9a00000)
  to   space 14848K, 0% used [0x00000000ebc00000,0x00000000ebc00000,0x00000000eca80000)
 ParOldGen       total 133632K, used 35792K [0x00000000a0000000, 0x00000000a8280000, 0x00000000e0000000)
  object space 133632K, 26% used [0x00000000a0000000,0x00000000a22f4000,0x00000000a8280000)
 Metaspace       used 64559K, capacity 67174K, committed 67240K, reserved 1107968K
  class space    used 8779K, capacity 9373K, committed 9392K, reserved 1048576K
}

