# JRE version: OpenJDK Runtime Environment (8.0_242-b01) (build 1.8.0_242-release-1644-b01)
# Java VM: OpenJDK 64-Bit Server VM (25.242-b01 mixed mode windows-amd64 compressed oops)
Heap:
 PSYoungGen      total 81408K, used 10687K [0x00000000e6f00000, 0x00000000eca00000, 0x0000000100000000)
  eden space 69632K, 5% used [0x00000000e6f00000,0x00000000e72da788,0x00000000eb300000)
  from space 11776K, 57% used [0x00000000ebe00000,0x00000000ec4957b0,0x00000000ec980000)
  to   space 11264K, 0% used [0x00000000eb300000,0x00000000eb300000,0x00000000ebe00000)
 ParOldGen       total 102912K, used 16375K [0x00000000b4c00000, 0x00000000bb080000, 0x00000000e6f00000)
  object space 102912K, 15% used [0x00000000b4c00000,0x00000000b5bfdc08,0x00000000bb080000)
 Metaspace       used 42214K, capacity 43206K, committed 43352K, reserved 1087488K
  class space    used 5678K, capacity 5957K, committed 6016K, reserved 1048576K
GC Heap History (10 events):
Event: 18.758 GC heap before
{Heap before GC invocations=10 (full 1):
 PSYoungGen      total 55296K, used 50642K [0x00000000e6f00000, 0x00000000eb180000, 0x0000000100000000)
  eden space 44544K, 100% used [0x00000000e6f00000,0x00000000e9a80000,0x00000000e9a80000)
  from space 10752K, 56% used [0x00000000ea480000,0x00000000eaa74a90,0x00000000eaf00000)
  to   space 10240K, 0% used [0x00000000e9a80000,0x00000000e9a80000,0x00000000ea480000)
 ParOldGen       total 66560K, used 9278K [0x00000000b4c00000, 0x00000000b8d00000, 0x00000000e6f00000)
  object space 66560K, 13% used [0x00000000b4c00000,0x00000000b550fbb8,0x00000000b8d00000)
 Metaspace       used 30161K, capacity 30656K, committed 30976K, reserved 1075200K
  class space    used 4092K, capacity 4231K, committed 4352K, reserved 1048576K
Event: 18.767 GC heap after
Heap after GC invocations=10 (full 1):
 PSYoungGen      total 54784K, used 7109K [0x00000000e6f00000, 0x00000000ebb80000, 0x0000000100000000)
  eden space 44544K, 0% used [0x00000000e6f00000,0x00000000e6f00000,0x00000000e9a80000)
  from space 10240K, 69% used [0x00000000e9a80000,0x00000000ea171590,0x00000000ea480000)
  to   space 10240K, 0% used [0x00000000eb180000,0x00000000eb180000,0x00000000ebb80000)
 ParOldGen       total 66560K, used 9286K [0x00000000b4c00000, 0x00000000b8d00000, 0x00000000e6f00000)
  object space 66560K, 13% used [0x00000000b4c00000,0x00000000b5511bb8,0x00000000b8d00000)
 Metaspace       used 30161K, capacity 30656K, committed 30976K, reserved 1075200K
  class space    used 4092K, capacity 4231K, committed 4352K, reserved 1048576K
}
Event: 27.088 GC heap before
{Heap before GC invocations=11 (full 1):
 PSYoungGen      total 54784K, used 51653K [0x00000000e6f00000, 0x00000000ebb80000, 0x0000000100000000)
  eden space 44544K, 100% used [0x00000000e6f00000,0x00000000e9a80000,0x00000000e9a80000)
  from space 10240K, 69% used [0x00000000e9a80000,0x00000000ea171590,0x00000000ea480000)
  to   space 10240K, 0% used [0x00000000eb180000,0x00000000eb180000,0x00000000ebb80000)
 ParOldGen       total 66560K, used 9286K [0x00000000b4c00000, 0x00000000b8d00000, 0x00000000e6f00000)
  object space 66560K, 13% used [0x00000000b4c00000,0x00000000b5511bb8,0x00000000b8d00000)
 Metaspace       used 32500K, capacity 33094K, committed 33408K, reserved 1077248K
  class space    used 4449K, capacity 4610K, committed 4736K, reserved 1048576K
Event: 27.102 GC heap after
Heap after GC invocations=11 (full 1):
 PSYoungGen      total 66048K, used 8680K [0x00000000e6f00000, 0x00000000ebb00000, 0x0000000100000000)
  eden space 56320K, 0% used [0x00000000e6f00000,0x00000000e6f00000,0x00000000ea600000)
  from space 9728K, 89% used [0x00000000eb180000,0x00000000eb9fa0f0,0x00000000ebb00000)
  to   space 10752K, 0% used [0x00000000ea600000,0x00000000ea600000,0x00000000eb080000)
 ParOldGen       total 66560K, used 9294K [0x00000000b4c00000, 0x00000000b8d00000, 0x00000000e6f00000)
  object space 66560K, 13% used [0x00000000b4c00000,0x00000000b5513bb8,0x00000000b8d00000)
 Metaspace       used 32500K, capacity 33094K, committed 33408K, reserved 1077248K
  class space    used 4449K, capacity 4610K, committed 4736K, reserved 1048576K
}
Event: 33.929 GC heap before
{Heap before GC invocations=12 (full 1):
 PSYoungGen      total 66048K, used 50138K [0x00000000e6f00000, 0x00000000ebb00000, 0x0000000100000000)
  eden space 56320K, 73% used [0x00000000e6f00000,0x00000000e977c8e0,0x00000000ea600000)
  from space 9728K, 89% used [0x00000000eb180000,0x00000000eb9fa0f0,0x00000000ebb00000)
  to   space 10752K, 0% used [0x00000000ea600000,0x00000000ea600000,0x00000000eb080000)
 ParOldGen       total 66560K, used 9294K [0x00000000b4c00000, 0x00000000b8d00000, 0x00000000e6f00000)
  object space 66560K, 13% used [0x00000000b4c00000,0x00000000b5513bb8,0x00000000b8d00000)
 Metaspace       used 34541K, capacity 35336K, committed 35416K, reserved 1079296K
  class space    used 4709K, capacity 4943K, committed 4992K, reserved 1048576K
Event: 33.944 GC heap after
Heap after GC invocations=12 (full 1):
 PSYoungGen      total 67072K, used 9487K [0x00000000e6f00000, 0x00000000ec980000, 0x0000000100000000)
  eden space 56320K, 0% used [0x00000000e6f00000,0x00000000e6f00000,0x00000000ea600000)
  from space 10752K, 88% used [0x00000000ea600000,0x00000000eaf43d70,0x00000000eb080000)
  to   space 11776K, 0% used [0x00000000ebe00000,0x00000000ebe00000,0x00000000ec980000)
 ParOldGen       total 66560K, used 9302K [0x00000000b4c00000, 0x00000000b8d00000, 0x00000000e6f00000)
  object space 66560K, 13% used [0x00000000b4c00000,0x00000000b5515bb8,0x00000000b8d00000)
 Metaspace       used 34541K, capacity 35336K, committed 35416K, reserved 1079296K
  class space    used 4709K, capacity 4943K, committed 4992K, reserved 1048576K
}
Event: 33.944 GC heap before
{Heap before GC invocations=13 (full 2):
 PSYoungGen      total 67072K, used 9487K [0x00000000e6f00000, 0x00000000ec980000, 0x0000000100000000)
  eden space 56320K, 0% used [0x00000000e6f00000,0x00000000e6f00000,0x00000000ea600000)
  from space 10752K, 88% used [0x00000000ea600000,0x00000000eaf43d70,0x00000000eb080000)
  to   space 11776K, 0% used [0x00000000ebe00000,0x00000000ebe00000,0x00000000ec980000)
 ParOldGen       total 66560K, used 9302K [0x00000000b4c00000, 0x00000000b8d00000, 0x00000000e6f00000)
  object space 66560K, 13% used [0x00000000b4c00000,0x00000000b5515bb8,0x00000000b8d00000)
 Metaspace       used 34541K, capacity 35336K, committed 35416K, reserved 1079296K
  class space    used 4709K, capacity 4943K, committed 4992K, reserved 1048576K
Event: 34.032 GC heap after
Heap after GC invocations=13 (full 2):
 PSYoungGen      total 67072K, used 0K [0x00000000e6f00000, 0x00000000ec980000, 0x0000000100000000)
  eden space 56320K, 0% used [0x00000000e6f00000,0x00000000e6f00000,0x00000000ea600000)
  from space 10752K, 0% used [0x00000000ea600000,0x00000000ea600000,0x00000000eb080000)
  to   space 11776K, 0% used [0x00000000ebe00000,0x00000000ebe00000,0x00000000ec980000)
 ParOldGen       total 102912K, used 16367K [0x00000000b4c00000, 0x00000000bb080000, 0x00000000e6f00000)
  object space 102912K, 15% used [0x00000000b4c00000,0x00000000b5bfbc08,0x00000000bb080000)
 Metaspace       used 34539K, capacity 35330K, committed 35416K, reserved 1079296K
  class space    used 4709K, capacity 4942K, committed 4992K, reserved 1048576K
}
Event: 37.889 GC heap before
{Heap before GC invocations=14 (full 2):
 PSYoungGen      total 67072K, used 56320K [0x00000000e6f00000, 0x00000000ec980000, 0x0000000100000000)
  eden space 56320K, 100% used [0x00000000e6f00000,0x00000000ea600000,0x00000000ea600000)
  from space 10752K, 0% used [0x00000000ea600000,0x00000000ea600000,0x00000000eb080000)
  to   space 11776K, 0% used [0x00000000ebe00000,0x00000000ebe00000,0x00000000ec980000)
 ParOldGen       total 102912K, used 16367K [0x00000000b4c00000, 0x00000000bb080000, 0x00000000e6f00000)
  object space 102912K, 15% used [0x00000000b4c00000,0x00000000b5bfbc08,0x00000000bb080000)
 Metaspace       used 41353K, capacity 42342K, committed 42456K, reserved 1085440K
  class space    used 5585K, capacity 5861K, committed 5888K, reserved 1048576K
Event: 37.902 GC heap after
Heap after GC invocations=14 (full 2):
 PSYoungGen      total 81408K, used 6741K [0x00000000e6f00000, 0x00000000eca00000, 0x0000000100000000)
  eden space 69632K, 0% used [0x00000000e6f00000,0x00000000e6f00000,0x00000000eb300000)
  from space 11776K, 57% used [0x00000000ebe00000,0x00000000ec4957b0,0x00000000ec980000)
  to   space 11264K, 0% used [0x00000000eb300000,0x00000000eb300000,0x00000000ebe00000)
 ParOldGen       total 102912K, used 16375K [0x00000000b4c00000, 0x00000000bb080000, 0x00000000e6f00000)
  object space 102912K, 15% used [0x00000000b4c00000,0x00000000b5bfdc08,0x00000000bb080000)
 Metaspace       used 41353K, capacity 42342K, committed 42456K, reserved 1085440K
  class space    used 5585K, capacity 5861K, committed 5888K, reserved 1048576K
}

