# JRE version: OpenJDK Runtime Environment (8.0_242-b01) (build 1.8.0_242-release-1644-b01)
# Java VM: OpenJDK 64-Bit Server VM (25.242-b01 mixed mode windows-amd64 compressed oops)
Heap:
 PSYoungGen      total 151040K, used 59006K [0x00000000e0000000, 0x00000000ecd80000, 0x0000000100000000)
  eden space 137728K, 42% used [0x00000000e0000000,0x00000000e399f840,0x00000000e8680000)
  from space 13312K, 0% used [0x00000000e8680000,0x00000000e8680000,0x00000000e9380000)
  to   space 12800K, 0% used [0x00000000ec100000,0x00000000ec100000,0x00000000ecd80000)
 ParOldGen       total 140800K, used 35832K [0x00000000a0000000, 0x00000000a8980000, 0x00000000e0000000)
  object space 140800K, 25% used [0x00000000a0000000,0x00000000a22fe120,0x00000000a8980000)
 Metaspace       used 60425K, capacity 62382K, committed 62552K, reserved 1103872K
  class space    used 8305K, capacity 8831K, committed 8832K, reserved 1048576K
GC Heap History (10 events):
Event: 25.843 GC heap before
{Heap before GC invocations=14 (full 2):
 PSYoungGen      total 82944K, used 72704K [0x00000000e0000000, 0x00000000e7800000, 0x0000000100000000)
  eden space 72704K, 100% used [0x00000000e0000000,0x00000000e4700000,0x00000000e4700000)
  from space 10240K, 0% used [0x00000000e4700000,0x00000000e4700000,0x00000000e5100000)
  to   space 10752K, 0% used [0x00000000e6d80000,0x00000000e6d80000,0x00000000e7800000)
 ParOldGen       total 90624K, used 15735K [0x00000000a0000000, 0x00000000a5880000, 0x00000000e0000000)
  object space 90624K, 17% used [0x00000000a0000000,0x00000000a0f5dd60,0x00000000a5880000)
 Metaspace       used 42293K, capacity 43300K, committed 43352K, reserved 1087488K
  class space    used 5692K, capacity 6008K, committed 6016K, reserved 1048576K
Event: 26.010 GC heap after
Heap after GC invocations=14 (full 2):
 PSYoungGen      total 111616K, used 9541K [0x00000000e0000000, 0x00000000e7880000, 0x0000000100000000)
  eden space 100864K, 0% used [0x00000000e0000000,0x00000000e0000000,0x00000000e6280000)
  from space 10752K, 88% used [0x00000000e6d80000,0x00000000e76d1580,0x00000000e7800000)
  to   space 11264K, 0% used [0x00000000e6280000,0x00000000e6280000,0x00000000e6d80000)
 ParOldGen       total 90624K, used 15735K [0x00000000a0000000, 0x00000000a5880000, 0x00000000e0000000)
  object space 90624K, 17% used [0x00000000a0000000,0x00000000a0f5dd60,0x00000000a5880000)
 Metaspace       used 42293K, capacity 43300K, committed 43352K, reserved 1087488K
  class space    used 5692K, capacity 6008K, committed 6016K, reserved 1048576K
}
Event: 31.052 GC heap before
{Heap before GC invocations=15 (full 2):
 PSYoungGen      total 111616K, used 110405K [0x00000000e0000000, 0x00000000e7880000, 0x0000000100000000)
  eden space 100864K, 100% used [0x00000000e0000000,0x00000000e6280000,0x00000000e6280000)
  from space 10752K, 88% used [0x00000000e6d80000,0x00000000e76d1580,0x00000000e7800000)
  to   space 11264K, 0% used [0x00000000e6280000,0x00000000e6280000,0x00000000e6d80000)
 ParOldGen       total 90624K, used 15735K [0x00000000a0000000, 0x00000000a5880000, 0x00000000e0000000)
  object space 90624K, 17% used [0x00000000a0000000,0x00000000a0f5dd60,0x00000000a5880000)
 Metaspace       used 46529K, capacity 47734K, committed 47832K, reserved 1091584K
  class space    used 6250K, capacity 6599K, committed 6656K, reserved 1048576K
Event: 31.111 GC heap after
Heap after GC invocations=15 (full 2):
 PSYoungGen      total 112128K, used 9762K [0x00000000e0000000, 0x00000000e9f80000, 0x0000000100000000)
  eden space 100864K, 0% used [0x00000000e0000000,0x00000000e0000000,0x00000000e6280000)
  from space 11264K, 86% used [0x00000000e6280000,0x00000000e6c08860,0x00000000e6d80000)
  to   space 12288K, 0% used [0x00000000e9380000,0x00000000e9380000,0x00000000e9f80000)
 ParOldGen       total 90624K, used 20176K [0x00000000a0000000, 0x00000000a5880000, 0x00000000e0000000)
  object space 90624K, 22% used [0x00000000a0000000,0x00000000a13b41c8,0x00000000a5880000)
 Metaspace       used 46529K, capacity 47734K, committed 47832K, reserved 1091584K
  class space    used 6250K, capacity 6599K, committed 6656K, reserved 1048576K
}
Event: 36.476 GC heap before
{Heap before GC invocations=16 (full 2):
 PSYoungGen      total 112128K, used 110626K [0x00000000e0000000, 0x00000000e9f80000, 0x0000000100000000)
  eden space 100864K, 100% used [0x00000000e0000000,0x00000000e6280000,0x00000000e6280000)
  from space 11264K, 86% used [0x00000000e6280000,0x00000000e6c08860,0x00000000e6d80000)
  to   space 12288K, 0% used [0x00000000e9380000,0x00000000e9380000,0x00000000e9f80000)
 ParOldGen       total 90624K, used 20176K [0x00000000a0000000, 0x00000000a5880000, 0x00000000e0000000)
  object space 90624K, 22% used [0x00000000a0000000,0x00000000a13b41c8,0x00000000a5880000)
 Metaspace       used 54943K, capacity 56700K, committed 56792K, reserved 1097728K
  class space    used 7441K, capacity 7890K, committed 7936K, reserved 1048576K
Event: 36.547 GC heap after
Heap after GC invocations=16 (full 2):
 PSYoungGen      total 150016K, used 11577K [0x00000000e0000000, 0x00000000ea100000, 0x0000000100000000)
  eden space 137728K, 0% used [0x00000000e0000000,0x00000000e0000000,0x00000000e8680000)
  from space 12288K, 94% used [0x00000000e9380000,0x00000000e9ece650,0x00000000e9f80000)
  to   space 13312K, 0% used [0x00000000e8680000,0x00000000e8680000,0x00000000e9380000)
 ParOldGen       total 90624K, used 26322K [0x00000000a0000000, 0x00000000a5880000, 0x00000000e0000000)
  object space 90624K, 29% used [0x00000000a0000000,0x00000000a19b4918,0x00000000a5880000)
 Metaspace       used 54943K, capacity 56700K, committed 56792K, reserved 1097728K
  class space    used 7441K, capacity 7890K, committed 7936K, reserved 1048576K
}
Event: 40.295 GC heap before
{Heap before GC invocations=17 (full 2):
 PSYoungGen      total 150016K, used 88941K [0x00000000e0000000, 0x00000000ea100000, 0x0000000100000000)
  eden space 137728K, 56% used [0x00000000e0000000,0x00000000e4b8ced8,0x00000000e8680000)
  from space 12288K, 94% used [0x00000000e9380000,0x00000000e9ece650,0x00000000e9f80000)
  to   space 13312K, 0% used [0x00000000e8680000,0x00000000e8680000,0x00000000e9380000)
 ParOldGen       total 90624K, used 26322K [0x00000000a0000000, 0x00000000a5880000, 0x00000000e0000000)
  object space 90624K, 29% used [0x00000000a0000000,0x00000000a19b4918,0x00000000a5880000)
 Metaspace       used 57098K, capacity 58868K, committed 58968K, reserved 1099776K
  class space    used 7784K, capacity 8283K, committed 8320K, reserved 1048576K
Event: 40.317 GC heap after
Heap after GC invocations=17 (full 2):
 PSYoungGen      total 151040K, used 6636K [0x00000000e0000000, 0x00000000ecd80000, 0x0000000100000000)
  eden space 137728K, 0% used [0x00000000e0000000,0x00000000e0000000,0x00000000e8680000)
  from space 13312K, 49% used [0x00000000e8680000,0x00000000e8cfb2a0,0x00000000e9380000)
  to   space 12800K, 0% used [0x00000000ec100000,0x00000000ec100000,0x00000000ecd80000)
 ParOldGen       total 90624K, used 31345K [0x00000000a0000000, 0x00000000a5880000, 0x00000000e0000000)
  object space 90624K, 34% used [0x00000000a0000000,0x00000000a1e9c628,0x00000000a5880000)
 Metaspace       used 57098K, capacity 58868K, committed 58968K, reserved 1099776K
  class space    used 7784K, capacity 8283K, committed 8320K, reserved 1048576K
}
Event: 40.317 GC heap before
{Heap before GC invocations=18 (full 3):
 PSYoungGen      total 151040K, used 6636K [0x00000000e0000000, 0x00000000ecd80000, 0x0000000100000000)
  eden space 137728K, 0% used [0x00000000e0000000,0x00000000e0000000,0x00000000e8680000)
  from space 13312K, 49% used [0x00000000e8680000,0x00000000e8cfb2a0,0x00000000e9380000)
  to   space 12800K, 0% used [0x00000000ec100000,0x00000000ec100000,0x00000000ecd80000)
 ParOldGen       total 90624K, used 31345K [0x00000000a0000000, 0x00000000a5880000, 0x00000000e0000000)
  object space 90624K, 34% used [0x00000000a0000000,0x00000000a1e9c628,0x00000000a5880000)
 Metaspace       used 57098K, capacity 58868K, committed 58968K, reserved 1099776K
  class space    used 7784K, capacity 8283K, committed 8320K, reserved 1048576K
Event: 41.263 GC heap after
Heap after GC invocations=18 (full 3):
 PSYoungGen      total 151040K, used 0K [0x00000000e0000000, 0x00000000ecd80000, 0x0000000100000000)
  eden space 137728K, 0% used [0x00000000e0000000,0x00000000e0000000,0x00000000e8680000)
  from space 13312K, 0% used [0x00000000e8680000,0x00000000e8680000,0x00000000e9380000)
  to   space 12800K, 0% used [0x00000000ec100000,0x00000000ec100000,0x00000000ecd80000)
 ParOldGen       total 140800K, used 35832K [0x00000000a0000000, 0x00000000a8980000, 0x00000000e0000000)
  object space 140800K, 25% used [0x00000000a0000000,0x00000000a22fe120,0x00000000a8980000)
 Metaspace       used 57098K, capacity 58868K, committed 58968K, reserved 1099776K
  class space    used 7784K, capacity 8283K, committed 8320K, reserved 1048576K
}

